<?xml version="1.0" encoding="UTF-8"?>
<testng-results skipped="0" failed="0" ignored="0" total="6" passed="6">
  <reporter-output>
  </reporter-output>
  <suite name="userAuthentication" duration-ms="4204" started-at="2018-07-13T20:51:59Z" finished-at="2018-07-13T20:52:04Z">
    <groups>
    </groups>
    <test name="testngTest" duration-ms="4204" started-at="2018-07-13T20:51:59Z" finished-at="2018-07-13T20:52:04Z">
      <class name="com.scp.CrudWithTestNG.UserAuthenticationTest">
        <test-method status="PASS" signature="test1(java.lang.String, java.lang.String)[pri:0, instance:com.scp.CrudWithTestNG.UserAuthenticationTest@2b98378d]" name="test1" duration-ms="3260" started-at="2018-07-13T20:52:00Z" data-provider="getDataFromExcel" finished-at="2018-07-13T20:52:04Z">
          <params>
            <param index="0">
              <value>
                <![CDATA[swap7709]]>
              </value>
            </param>
            <param index="1">
              <value>
                <![CDATA[pwd1234]]>
              </value>
            </param>
          </params>
          <reporter-output>
          </reporter-output>
        </test-method> <!-- test1 -->
        <test-method status="PASS" signature="test1(java.lang.String, java.lang.String)[pri:0, instance:com.scp.CrudWithTestNG.UserAuthenticationTest@2b98378d]" name="test1" duration-ms="13" started-at="2018-07-13T20:52:04Z" data-provider="getDataFromExcel" finished-at="2018-07-13T20:52:04Z">
          <params>
            <param index="0">
              <value>
                <![CDATA[null]]>
              </value>
            </param>
            <param index="1">
              <value>
                <![CDATA[null]]>
              </value>
            </param>
          </params>
          <reporter-output>
          </reporter-output>
        </test-method> <!-- test1 -->
        <test-method status="PASS" signature="test1(java.lang.String, java.lang.String)[pri:0, instance:com.scp.CrudWithTestNG.UserAuthenticationTest@2b98378d]" name="test1" duration-ms="15" started-at="2018-07-13T20:52:04Z" data-provider="getDataFromExcel" finished-at="2018-07-13T20:52:04Z">
          <params>
            <param index="0">
              <value>
                <![CDATA[as1234]]>
              </value>
            </param>
            <param index="1">
              <value>
                <![CDATA[as1234]]>
              </value>
            </param>
          </params>
          <reporter-output>
          </reporter-output>
        </test-method> <!-- test1 -->
        <test-method status="PASS" signature="test1(java.lang.String, java.lang.String)[pri:0, instance:com.scp.CrudWithTestNG.UserAuthenticationTest@2b98378d]" name="test1" duration-ms="33" started-at="2018-07-13T20:52:04Z" data-provider="getDataFromExcel" finished-at="2018-07-13T20:52:04Z">
          <params>
            <param index="0">
              <value>
                <![CDATA[swap7709]]>
              </value>
            </param>
            <param index="1">
              <value>
                <![CDATA[swap7709]]>
              </value>
            </param>
          </params>
          <reporter-output>
          </reporter-output>
        </test-method> <!-- test1 -->
        <test-method status="PASS" signature="test1(java.lang.String, java.lang.String)[pri:0, instance:com.scp.CrudWithTestNG.UserAuthenticationTest@2b98378d]" name="test1" duration-ms="16" started-at="2018-07-13T20:52:04Z" data-provider="getDataFromExcel" finished-at="2018-07-13T20:52:04Z">
          <params>
            <param index="0">
              <value>
                <![CDATA[pwd1234]]>
              </value>
            </param>
            <param index="1">
              <value>
                <![CDATA[pwd1235]]>
              </value>
            </param>
          </params>
          <reporter-output>
          </reporter-output>
        </test-method> <!-- test1 -->
        <test-method status="PASS" signature="test1(java.lang.String, java.lang.String)[pri:0, instance:com.scp.CrudWithTestNG.UserAuthenticationTest@2b98378d]" name="test1" duration-ms="4" started-at="2018-07-13T20:52:04Z" data-provider="getDataFromExcel" finished-at="2018-07-13T20:52:04Z">
          <params>
            <param index="0">
              <value is-null="true"/>
            </param>
            <param index="1">
              <value is-null="true"/>
            </param>
          </params>
          <reporter-output>
          </reporter-output>
        </test-method> <!-- test1 -->
      </class> <!-- com.scp.CrudWithTestNG.UserAuthenticationTest -->
    </test> <!-- testngTest -->
  </suite> <!-- userAuthentication -->
</testng-results>
